<?xml version="1.0" encoding="UTF-8"?>
<!-- Generated by org.testng.reporters.JUnitReportReporter -->
<testsuite hostname="SRIMAMID-IN" name="MavenJenkinsIntt23090642.MavenJenkinsIntt23090642.Test1" tests="1" failures="0" timestamp="23 Sep 2019 01:55:49 GMT" time="13.209" errors="0">
  <testcase name="test1" time="13.209" classname="MavenJenkinsIntt23090642.MavenJenkinsIntt23090642.Test1"/>
</testsuite>
