<?xml version="1.0" encoding="UTF-8"?>
<!-- Generated by org.testng.reporters.JUnitReportReporter -->
<testsuite hostname="SRIMAMID-IN" failures="0" tests="1" name="MavenJenkinsIntt23090642.MavenJenkinsIntt23090642.Test1" time="17.839" errors="0" timestamp="23 Sep 2019 01:26:33 GMT">
  <testcase classname="MavenJenkinsIntt23090642.MavenJenkinsIntt23090642.Test1" name="test1" time="17.839"/>
</testsuite>
